# JRE version: Java(TM) SE Runtime Environment (8.0_20-b26) (build 1.8.0_20-b26)
# Java VM: Java HotSpot(TM) 64-Bit Server VM (25.20-b23 mixed mode windows-amd64 compressed oops)
Heap:
 PSYoungGen      total 208896K, used 52172K [0x00000000eab00000, 0x00000000f9e00000, 0x0000000100000000)
  eden space 187392K, 16% used [0x00000000eab00000,0x00000000ec8f9d40,0x00000000f6200000)
  from space 21504K, 99% used [0x00000000f7d00000,0x00000000f91f9650,0x00000000f9200000)
  to   space 27648K, 0% used [0x00000000f6200000,0x00000000f6200000,0x00000000f7d00000)
 ParOldGen       total 64512K, used 39652K [0x00000000c0000000, 0x00000000c3f00000, 0x00000000eab00000)
  object space 64512K, 61% used [0x00000000c0000000,0x00000000c26b90f8,0x00000000c3f00000)
 Metaspace       used 6585K, capacity 7632K, committed 7936K, reserved 1056768K
  class space    used 597K, capacity 648K, committed 768K, reserved 1048576K
GC Heap History (10 events):
Event: 10.134 GC heap before
{Heap before GC invocations=4 (full 0):
 PSYoungGen      total 28160K, used 28158K [0x00000000eab00000, 0x00000000ee200000, 0x0000000100000000)
  eden space 24576K, 100% used [0x00000000eab00000,0x00000000ec300000,0x00000000ec300000)
  from space 3584K, 99% used [0x00000000ec300000,0x00000000ec67fb40,0x00000000ec680000)
  to   space 3584K, 0% used [0x00000000ede80000,0x00000000ede80000,0x00000000ee200000)
 ParOldGen       total 64512K, used 8122K [0x00000000c0000000, 0x00000000c3f00000, 0x00000000eab00000)
  object space 64512K, 12% used [0x00000000c0000000,0x00000000c07eeb28,0x00000000c3f00000)
 Metaspace       used 5905K, capacity 7088K, committed 7296K, reserved 1056768K
  class space    used 555K, capacity 616K, committed 640K, reserved 1048576K
Event: 10.179 GC heap after
Heap after GC invocations=4 (full 0):
 PSYoungGen      total 52736K, used 3555K [0x00000000eab00000, 0x00000000ee200000, 0x0000000100000000)
  eden space 49152K, 0% used [0x00000000eab00000,0x00000000eab00000,0x00000000edb00000)
  from space 3584K, 99% used [0x00000000ede80000,0x00000000ee1f8c40,0x00000000ee200000)
  to   space 3584K, 0% used [0x00000000edb00000,0x00000000edb00000,0x00000000ede80000)
 ParOldGen       total 64512K, used 11904K [0x00000000c0000000, 0x00000000c3f00000, 0x00000000eab00000)
  object space 64512K, 18% used [0x00000000c0000000,0x00000000c0ba0108,0x00000000c3f00000)
 Metaspace       used 5905K, capacity 7088K, committed 7296K, reserved 1056768K
  class space    used 555K, capacity 616K, committed 640K, reserved 1048576K
}
Event: 11.991 GC heap before
{Heap before GC invocations=5 (full 0):
 PSYoungGen      total 52736K, used 52707K [0x00000000eab00000, 0x00000000ee200000, 0x0000000100000000)
  eden space 49152K, 100% used [0x00000000eab00000,0x00000000edb00000,0x00000000edb00000)
  from space 3584K, 99% used [0x00000000ede80000,0x00000000ee1f8c40,0x00000000ee200000)
  to   space 3584K, 0% used [0x00000000edb00000,0x00000000edb00000,0x00000000ede80000)
 ParOldGen       total 64512K, used 11904K [0x00000000c0000000, 0x00000000c3f00000, 0x00000000eab00000)
  object space 64512K, 18% used [0x00000000c0000000,0x00000000c0ba0108,0x00000000c3f00000)
 Metaspace       used 5937K, capacity 7152K, committed 7296K, reserved 1056768K
  class space    used 556K, capacity 616K, committed 640K, reserved 1048576K
Event: 12.083 GC heap after
Heap after GC invocations=5 (full 0):
 PSYoungGen      total 52736K, used 3574K [0x00000000eab00000, 0x00000000f2100000, 0x0000000100000000)
  eden space 49152K, 0% used [0x00000000eab00000,0x00000000eab00000,0x00000000edb00000)
  from space 3584K, 99% used [0x00000000edb00000,0x00000000ede7d8d0,0x00000000ede80000)
  to   space 11264K, 0% used [0x00000000f1600000,0x00000000f1600000,0x00000000f2100000)
 ParOldGen       total 64512K, used 19917K [0x00000000c0000000, 0x00000000c3f00000, 0x00000000eab00000)
  object space 64512K, 30% used [0x00000000c0000000,0x00000000c13737f8,0x00000000c3f00000)
 Metaspace       used 5937K, capacity 7152K, committed 7296K, reserved 1056768K
  class space    used 556K, capacity 616K, committed 640K, reserved 1048576K
}
Event: 13.570 GC heap before
{Heap before GC invocations=6 (full 0):
 PSYoungGen      total 52736K, used 52726K [0x00000000eab00000, 0x00000000f2100000, 0x0000000100000000)
  eden space 49152K, 100% used [0x00000000eab00000,0x00000000edb00000,0x00000000edb00000)
  from space 3584K, 99% used [0x00000000edb00000,0x00000000ede7d8d0,0x00000000ede80000)
  to   space 11264K, 0% used [0x00000000f1600000,0x00000000f1600000,0x00000000f2100000)
 ParOldGen       total 64512K, used 19917K [0x00000000c0000000, 0x00000000c3f00000, 0x00000000eab00000)
  object space 64512K, 30% used [0x00000000c0000000,0x00000000c13737f8,0x00000000c3f00000)
 Metaspace       used 5971K, capacity 7152K, committed 7296K, reserved 1056768K
  class space    used 556K, capacity 616K, committed 640K, reserved 1048576K
Event: 13.731 GC heap after
Heap after GC invocations=6 (full 0):
 PSYoungGen      total 108032K, used 11254K [0x00000000eab00000, 0x00000000f2400000, 0x0000000100000000)
  eden space 96768K, 0% used [0x00000000eab00000,0x00000000eab00000,0x00000000f0980000)
  from space 11264K, 99% used [0x00000000f1600000,0x00000000f20fd8e0,0x00000000f2100000)
  to   space 12800K, 0% used [0x00000000f0980000,0x00000000f0980000,0x00000000f1600000)
 ParOldGen       total 64512K, used 20004K [0x00000000c0000000, 0x00000000c3f00000, 0x00000000eab00000)
  object space 64512K, 31% used [0x00000000c0000000,0x00000000c1389040,0x00000000c3f00000)
 Metaspace       used 5971K, capacity 7152K, committed 7296K, reserved 1056768K
  class space    used 556K, capacity 616K, committed 640K, reserved 1048576K
}
Event: 18.561 GC heap before
{Heap before GC invocations=7 (full 0):
 PSYoungGen      total 108032K, used 108022K [0x00000000eab00000, 0x00000000f2400000, 0x0000000100000000)
  eden space 96768K, 100% used [0x00000000eab00000,0x00000000f0980000,0x00000000f0980000)
  from space 11264K, 99% used [0x00000000f1600000,0x00000000f20fd8e0,0x00000000f2100000)
  to   space 12800K, 0% used [0x00000000f0980000,0x00000000f0980000,0x00000000f1600000)
 ParOldGen       total 64512K, used 20004K [0x00000000c0000000, 0x00000000c3f00000, 0x00000000eab00000)
  object space 64512K, 31% used [0x00000000c0000000,0x00000000c1389040,0x00000000c3f00000)
 Metaspace       used 5992K, capacity 7152K, committed 7296K, reserved 1056768K
  class space    used 556K, capacity 616K, committed 640K, reserved 1048576K
Event: 18.692 GC heap after
Heap after GC invocations=7 (full 0):
 PSYoungGen      total 109568K, used 12782K [0x00000000eab00000, 0x00000000f9200000, 0x0000000100000000)
  eden space 96768K, 0% used [0x00000000eab00000,0x00000000eab00000,0x00000000f0980000)
  from space 12800K, 99% used [0x00000000f0980000,0x00000000f15fbbf0,0x00000000f1600000)
  to   space 21504K, 0% used [0x00000000f7d00000,0x00000000f7d00000,0x00000000f9200000)
 ParOldGen       total 64512K, used 33734K [0x00000000c0000000, 0x00000000c3f00000, 0x00000000eab00000)
  object space 64512K, 52% used [0x00000000c0000000,0x00000000c20f1a78,0x00000000c3f00000)
 Metaspace       used 5992K, capacity 7152K, committed 7296K, reserved 1056768K
  class space    used 556K, capacity 616K, committed 640K, reserved 1048576K
}
Event: 20.560 GC heap before
{Heap before GC invocations=8 (full 0):
 PSYoungGen      total 109568K, used 109550K [0x00000000eab00000, 0x00000000f9200000, 0x0000000100000000)
  eden space 96768K, 100% used [0x00000000eab00000,0x00000000f0980000,0x00000000f0980000)
  from space 12800K, 99% used [0x00000000f0980000,0x00000000f15fbbf0,0x00000000f1600000)
  to   space 21504K, 0% used [0x00000000f7d00000,0x00000000f7d00000,0x00000000f9200000)
 ParOldGen       total 64512K, used 33734K [0x00000000c0000000, 0x00000000c3f00000, 0x00000000eab00000)
  object space 64512K, 52% used [0x00000000c0000000,0x00000000c20f1a78,0x00000000c3f00000)
 Metaspace       used 6098K, capacity 7216K, committed 7296K, reserved 1056768K
  class space    used 575K, capacity 616K, committed 640K, reserved 1048576K
Event: 20.745 GC heap after
Heap after GC invocations=8 (full 0):
 PSYoungGen      total 208896K, used 21477K [0x00000000eab00000, 0x00000000f9e00000, 0x0000000100000000)
  eden space 187392K, 0% used [0x00000000eab00000,0x00000000eab00000,0x00000000f6200000)
  from space 21504K, 99% used [0x00000000f7d00000,0x00000000f91f9650,0x00000000f9200000)
  to   space 27648K, 0% used [0x00000000f6200000,0x00000000f6200000,0x00000000f7d00000)
 ParOldGen       total 64512K, used 39652K [0x00000000c0000000, 0x00000000c3f00000, 0x00000000eab00000)
  object space 64512K, 61% used [0x00000000c0000000,0x00000000c26b90f8,0x00000000c3f00000)
 Metaspace       used 6098K, capacity 7216K, committed 7296K, reserved 1056768K
  class space    used 575K, capacity 616K, committed 640K, reserved 1048576K
}

