# JRE version: Java(TM) SE Runtime Environment (8.0_20-b26) (build 1.8.0_20-b26)
# Java VM: Java HotSpot(TM) 64-Bit Server VM (25.20-b23 mixed mode windows-amd64 compressed oops)
Heap:
 PSYoungGen      total 99328K, used 81545K [0x00000000eab00000, 0x00000000f5e80000, 0x0000000100000000)
  eden space 52224K, 66% used [0x00000000eab00000,0x00000000eccaa2c8,0x00000000ede00000)
  from space 47104K, 99% used [0x00000000f1700000,0x00000000f44f8228,0x00000000f4500000)
  to   space 58368K, 0% used [0x00000000ede00000,0x00000000ede00000,0x00000000f1700000)
 ParOldGen       total 171520K, used 116911K [0x00000000c0000000, 0x00000000ca780000, 0x00000000eab00000)
  object space 171520K, 68% used [0x00000000c0000000,0x00000000c722bc40,0x00000000ca780000)
 Metaspace       used 5691K, capacity 6960K, committed 7040K, reserved 1056768K
  class space    used 549K, capacity 616K, committed 640K, reserved 1048576K
GC Heap History (10 events):
Event: 41.816 GC heap before
{Heap before GC invocations=18 (full 4):
 PSYoungGen      total 76288K, used 31744K [0x00000000eab00000, 0x00000000f2980000, 0x0000000100000000)
  eden space 31744K, 100% used [0x00000000eab00000,0x00000000eca00000,0x00000000eca00000)
  from space 44544K, 0% used [0x00000000eca00000,0x00000000eca00000,0x00000000ef580000)
  to   space 43520K, 0% used [0x00000000eff00000,0x00000000eff00000,0x00000000f2980000)
 ParOldGen       total 171520K, used 66708K [0x00000000c0000000, 0x00000000ca780000, 0x00000000eab00000)
  object space 171520K, 38% used [0x00000000c0000000,0x00000000c4125288,0x00000000ca780000)
 Metaspace       used 5682K, capacity 6960K, committed 7040K, reserved 1056768K
  class space    used 549K, capacity 616K, committed 640K, reserved 1048576K
Event: 41.946 GC heap after
Heap after GC invocations=18 (full 4):
 PSYoungGen      total 85504K, used 6500K [0x00000000eab00000, 0x00000000f2a80000, 0x0000000100000000)
  eden space 41984K, 0% used [0x00000000eab00000,0x00000000eab00000,0x00000000ed400000)
  from space 43520K, 14% used [0x00000000eff00000,0x00000000f05593e0,0x00000000f2980000)
  to   space 44032K, 0% used [0x00000000ed400000,0x00000000ed400000,0x00000000eff00000)
 ParOldGen       total 171520K, used 66708K [0x00000000c0000000, 0x00000000ca780000, 0x00000000eab00000)
  object space 171520K, 38% used [0x00000000c0000000,0x00000000c4125288,0x00000000ca780000)
 Metaspace       used 5682K, capacity 6960K, committed 7040K, reserved 1056768K
  class space    used 549K, capacity 616K, committed 640K, reserved 1048576K
}
Event: 43.638 GC heap before
{Heap before GC invocations=19 (full 4):
 PSYoungGen      total 85504K, used 48484K [0x00000000eab00000, 0x00000000f2a80000, 0x0000000100000000)
  eden space 41984K, 100% used [0x00000000eab00000,0x00000000ed400000,0x00000000ed400000)
  from space 43520K, 14% used [0x00000000eff00000,0x00000000f05593e0,0x00000000f2980000)
  to   space 44032K, 0% used [0x00000000ed400000,0x00000000ed400000,0x00000000eff00000)
 ParOldGen       total 171520K, used 66708K [0x00000000c0000000, 0x00000000ca780000, 0x00000000eab00000)
  object space 171520K, 38% used [0x00000000c0000000,0x00000000c4125288,0x00000000ca780000)
 Metaspace       used 5686K, capacity 6960K, committed 7040K, reserved 1056768K
  class space    used 549K, capacity 616K, committed 640K, reserved 1048576K
Event: 43.735 GC heap after
Heap after GC invocations=19 (full 4):
 PSYoungGen      total 86016K, used 30514K [0x00000000eab00000, 0x00000000f3980000, 0x0000000100000000)
  eden space 41984K, 0% used [0x00000000eab00000,0x00000000eab00000,0x00000000ed400000)
  from space 44032K, 69% used [0x00000000ed400000,0x00000000ef1cc838,0x00000000eff00000)
  to   space 45568K, 0% used [0x00000000f0d00000,0x00000000f0d00000,0x00000000f3980000)
 ParOldGen       total 171520K, used 73118K [0x00000000c0000000, 0x00000000ca780000, 0x00000000eab00000)
  object space 171520K, 42% used [0x00000000c0000000,0x00000000c4767808,0x00000000ca780000)
 Metaspace       used 5686K, capacity 6960K, committed 7040K, reserved 1056768K
  class space    used 549K, capacity 616K, committed 640K, reserved 1048576K
}
Event: 44.103 GC heap before
{Heap before GC invocations=20 (full 4):
 PSYoungGen      total 86016K, used 72498K [0x00000000eab00000, 0x00000000f3980000, 0x0000000100000000)
  eden space 41984K, 100% used [0x00000000eab00000,0x00000000ed400000,0x00000000ed400000)
  from space 44032K, 69% used [0x00000000ed400000,0x00000000ef1cc838,0x00000000eff00000)
  to   space 45568K, 0% used [0x00000000f0d00000,0x00000000f0d00000,0x00000000f3980000)
 ParOldGen       total 171520K, used 73118K [0x00000000c0000000, 0x00000000ca780000, 0x00000000eab00000)
  object space 171520K, 42% used [0x00000000c0000000,0x00000000c4767808,0x00000000ca780000)
 Metaspace       used 5686K, capacity 6960K, committed 7040K, reserved 1056768K
  class space    used 549K, capacity 616K, committed 640K, reserved 1048576K
Event: 44.174 GC heap after
Heap after GC invocations=20 (full 4):
 PSYoungGen      total 97280K, used 12469K [0x00000000eab00000, 0x00000000f3700000, 0x0000000100000000)
  eden space 54272K, 0% used [0x00000000eab00000,0x00000000eab00000,0x00000000ee000000)
  from space 43008K, 28% used [0x00000000f0d00000,0x00000000f192d5a0,0x00000000f3700000)
  to   space 44544K, 0% used [0x00000000ee000000,0x00000000ee000000,0x00000000f0b80000)
 ParOldGen       total 171520K, used 104585K [0x00000000c0000000, 0x00000000ca780000, 0x00000000eab00000)
  object space 171520K, 60% used [0x00000000c0000000,0x00000000c6622508,0x00000000ca780000)
 Metaspace       used 5686K, capacity 6960K, committed 7040K, reserved 1056768K
  class space    used 549K, capacity 616K, committed 640K, reserved 1048576K
}
Event: 46.101 GC heap before
{Heap before GC invocations=21 (full 4):
 PSYoungGen      total 97280K, used 66741K [0x00000000eab00000, 0x00000000f3700000, 0x0000000100000000)
  eden space 54272K, 100% used [0x00000000eab00000,0x00000000ee000000,0x00000000ee000000)
  from space 43008K, 28% used [0x00000000f0d00000,0x00000000f192d5a0,0x00000000f3700000)
  to   space 44544K, 0% used [0x00000000ee000000,0x00000000ee000000,0x00000000f0b80000)
 ParOldGen       total 171520K, used 104585K [0x00000000c0000000, 0x00000000ca780000, 0x00000000eab00000)
  object space 171520K, 60% used [0x00000000c0000000,0x00000000c6622508,0x00000000ca780000)
 Metaspace       used 5691K, capacity 6960K, committed 7040K, reserved 1056768K
  class space    used 549K, capacity 616K, committed 640K, reserved 1048576K
Event: 46.177 GC heap after
Heap after GC invocations=21 (full 4):
 PSYoungGen      total 98816K, used 34110K [0x00000000eab00000, 0x00000000f4500000, 0x0000000100000000)
  eden space 54272K, 0% used [0x00000000eab00000,0x00000000eab00000,0x00000000ee000000)
  from space 44544K, 76% used [0x00000000ee000000,0x00000000f014f840,0x00000000f0b80000)
  to   space 47104K, 0% used [0x00000000f1700000,0x00000000f1700000,0x00000000f4500000)
 ParOldGen       total 171520K, used 104593K [0x00000000c0000000, 0x00000000ca780000, 0x00000000eab00000)
  object space 171520K, 60% used [0x00000000c0000000,0x00000000c6624508,0x00000000ca780000)
 Metaspace       used 5691K, capacity 6960K, committed 7040K, reserved 1056768K
  class space    used 549K, capacity 616K, committed 640K, reserved 1048576K
}
Event: 46.301 GC heap before
{Heap before GC invocations=22 (full 4):
 PSYoungGen      total 98816K, used 88382K [0x00000000eab00000, 0x00000000f4500000, 0x0000000100000000)
  eden space 54272K, 100% used [0x00000000eab00000,0x00000000ee000000,0x00000000ee000000)
  from space 44544K, 76% used [0x00000000ee000000,0x00000000f014f840,0x00000000f0b80000)
  to   space 47104K, 0% used [0x00000000f1700000,0x00000000f1700000,0x00000000f4500000)
 ParOldGen       total 171520K, used 104593K [0x00000000c0000000, 0x00000000ca780000, 0x00000000eab00000)
  object space 171520K, 60% used [0x00000000c0000000,0x00000000c6624508,0x00000000ca780000)
 Metaspace       used 5691K, capacity 6960K, committed 7040K, reserved 1056768K
  class space    used 549K, capacity 616K, committed 640K, reserved 1048576K
Event: 46.552 GC heap after
Heap after GC invocations=22 (full 4):
 PSYoungGen      total 99328K, used 47072K [0x00000000eab00000, 0x00000000f5e80000, 0x0000000100000000)
  eden space 52224K, 0% used [0x00000000eab00000,0x00000000eab00000,0x00000000ede00000)
  from space 47104K, 99% used [0x00000000f1700000,0x00000000f44f8228,0x00000000f4500000)
  to   space 58368K, 0% used [0x00000000ede00000,0x00000000ede00000,0x00000000f1700000)
 ParOldGen       total 171520K, used 116911K [0x00000000c0000000, 0x00000000ca780000, 0x00000000eab00000)
  object space 171520K, 68% used [0x00000000c0000000,0x00000000c722bc40,0x00000000ca780000)
 Metaspace       used 5691K, capacity 6960K, committed 7040K, reserved 1056768K
  class space    used 549K, capacity 616K, committed 640K, reserved 1048576K
}

